{"level":"error","message":"Your session has expired. Please log in again.","stack":"Error: Your session has expired. Please log in again.\n    at /Users/designingsolutions/Desktop/my-node-project/src/middlewares/authMiddleware.js:48:19\n    at /Users/designingsolutions/Desktop/my-node-project/src/middlewares/asyncHandler.js:3:21\n    at Layer.handleRequest (/Users/designingsolutions/Desktop/my-node-project/node_modules/router/lib/layer.js:152:17)\n    at next (/Users/designingsolutions/Desktop/my-node-project/node_modules/router/lib/route.js:157:13)\n    at Route.dispatch (/Users/designingsolutions/Desktop/my-node-project/node_modules/router/lib/route.js:117:3)\n    at handle (/Users/designingsolutions/Desktop/my-node-project/node_modules/router/index.js:435:11)\n    at Layer.handleRequest (/Users/designingsolutions/Desktop/my-node-project/node_modules/router/lib/layer.js:152:17)\n    at /Users/designingsolutions/Desktop/my-node-project/node_modules/router/index.js:295:15\n    at processParams (/Users/designingsolutions/Desktop/my-node-project/node_modules/router/index.js:582:12)\n    at next (/Users/designingsolutions/Desktop/my-node-project/node_modules/router/index.js:291:5)","statusCode":401,"timestamp":"2026-03-20 10:49:36"}
{"level":"info","message":"GET /users/userlisting 401","timestamp":"2026-03-20 10:49:36"}
{"level":"error","message":"Your session has expired. Please log in again.","stack":"Error: Your session has expired. Please log in again.\n    at /Users/designingsolutions/Desktop/my-node-project/src/middlewares/authMiddleware.js:48:19\n    at /Users/designingsolutions/Desktop/my-node-project/src/middlewares/asyncHandler.js:3:21\n    at Layer.handleRequest (/Users/designingsolutions/Desktop/my-node-project/node_modules/router/lib/layer.js:152:17)\n    at next (/Users/designingsolutions/Desktop/my-node-project/node_modules/router/lib/route.js:157:13)\n    at Route.dispatch (/Users/designingsolutions/Desktop/my-node-project/node_modules/router/lib/route.js:117:3)\n    at handle (/Users/designingsolutions/Desktop/my-node-project/node_modules/router/index.js:435:11)\n    at Layer.handleRequest (/Users/designingsolutions/Desktop/my-node-project/node_modules/router/lib/layer.js:152:17)\n    at /Users/designingsolutions/Desktop/my-node-project/node_modules/router/index.js:295:15\n    at processParams (/Users/designingsolutions/Desktop/my-node-project/node_modules/router/index.js:582:12)\n    at next (/Users/designingsolutions/Desktop/my-node-project/node_modules/router/index.js:291:5)","statusCode":401,"timestamp":"2026-03-20 11:40:55"}
{"level":"info","message":"GET /users/userlisting 401","timestamp":"2026-03-20 11:40:55"}
{"level":"info","message":"POST /users/login 200","timestamp":"2026-03-20 11:40:58"}
{"level":"error","message":"Role (employee) is not authorized to access this resource","stack":"Error: Role (employee) is not authorized to access this resource\n    at /Users/designingsolutions/Desktop/my-node-project/src/middlewares/authMiddleware.js:58:21\n    at Layer.handleRequest (/Users/designingsolutions/Desktop/my-node-project/node_modules/router/lib/layer.js:152:17)\n    at next (/Users/designingsolutions/Desktop/my-node-project/node_modules/router/lib/route.js:157:13)\n    at /Users/designingsolutions/Desktop/my-node-project/src/middlewares/authMiddleware.js:38:5\n    at process.processTicksAndRejections (node:internal/process/task_queues:95:5)","statusCode":403,"timestamp":"2026-03-20 11:41:11"}
{"level":"info","message":"GET /users/userlisting 403","timestamp":"2026-03-20 11:41:11"}
{"level":"error","message":"Role (employee) is not authorized to access this resource","stack":"Error: Role (employee) is not authorized to access this resource\n    at /Users/designingsolutions/Desktop/my-node-project/src/middlewares/authMiddleware.js:58:21\n    at Layer.handleRequest (/Users/designingsolutions/Desktop/my-node-project/node_modules/router/lib/layer.js:152:17)\n    at next (/Users/designingsolutions/Desktop/my-node-project/node_modules/router/lib/route.js:157:13)\n    at /Users/designingsolutions/Desktop/my-node-project/src/middlewares/authMiddleware.js:38:5\n    at process.processTicksAndRejections (node:internal/process/task_queues:95:5)","statusCode":403,"timestamp":"2026-03-20 11:42:19"}
{"level":"info","message":"GET /users/userlisting 403","timestamp":"2026-03-20 11:42:19"}
{"level":"error","message":"Role (employee) is not authorized to access this resource","stack":"Error: Role (employee) is not authorized to access this resource\n    at /Users/designingsolutions/Desktop/my-node-project/src/middlewares/authMiddleware.js:58:21\n    at Layer.handleRequest (/Users/designingsolutions/Desktop/my-node-project/node_modules/router/lib/layer.js:152:17)\n    at next (/Users/designingsolutions/Desktop/my-node-project/node_modules/router/lib/route.js:157:13)\n    at /Users/designingsolutions/Desktop/my-node-project/src/middlewares/authMiddleware.js:38:5\n    at process.processTicksAndRejections (node:internal/process/task_queues:95:5)","statusCode":403,"timestamp":"2026-03-20 11:44:48"}
{"level":"info","message":"GET /users/userlisting 403","timestamp":"2026-03-20 11:44:48"}
{"level":"info","message":"GET /api-docs/ 304","timestamp":"2026-03-20 11:45:56"}
{"level":"info","message":"GET /api-docs/swagger-ui-init.js 304","timestamp":"2026-03-20 11:45:56"}
{"level":"info","message":"GET /api-docs/swagger-ui.css 304","timestamp":"2026-03-20 11:45:56"}
{"level":"info","message":"GET /api-docs/swagger-ui-standalone-preset.js 304","timestamp":"2026-03-20 11:45:56"}
{"level":"info","message":"GET /api-docs/swagger-ui-bundle.js 304","timestamp":"2026-03-20 11:45:56"}
{"level":"info","message":"GET /api-docs/favicon-32x32.png 304","timestamp":"2026-03-20 11:45:56"}
{"level":"info","message":"GET /api-docs/ 200","timestamp":"2026-03-20 11:47:00"}
{"level":"info","message":"GET /api-docs/ 304","timestamp":"2026-03-20 11:47:05"}
{"level":"info","message":"GET /api 404","timestamp":"2026-03-20 11:47:13"}
{"level":"info","message":"GET /api-docs 301","timestamp":"2026-03-20 11:47:18"}
{"level":"info","message":"GET /api-docs/ 304","timestamp":"2026-03-20 11:47:18"}
{"level":"info","message":"GET /api-docs/ 304","timestamp":"2026-03-20 11:47:20"}
{"level":"info","message":"GET /api-docs/ 304","timestamp":"2026-03-20 11:47:20"}
{"level":"info","message":"GET /api-docs/ 304","timestamp":"2026-03-20 11:47:21"}
{"level":"info","message":"GET / 404","timestamp":"2026-03-20 11:48:21"}
{"level":"info","message":"GET /api-docs/ 304","timestamp":"2026-03-20 11:48:25"}
{"level":"info","message":"GET /api-docs/swagger-ui.css 304","timestamp":"2026-03-20 11:48:25"}
{"level":"info","message":"GET /api-docs/swagger-ui-standalone-preset.js 304","timestamp":"2026-03-20 11:48:25"}
{"level":"info","message":"GET /api-docs/swagger-ui-bundle.js 304","timestamp":"2026-03-20 11:48:25"}
{"level":"info","message":"GET /api-docs/swagger-ui-init.js 304","timestamp":"2026-03-20 11:48:25"}
{"level":"info","message":"GET /api-docs/ 304","timestamp":"2026-03-20 11:49:53"}
{"level":"info","message":"GET /api-docs/ 200","timestamp":"2026-03-20 11:49:58"}
{"level":"info","message":"GET /api-docs/ 304","timestamp":"2026-03-20 11:50:02"}
{"level":"info","message":"GET /api-docs/ 304","timestamp":"2026-03-20 11:51:25"}
{"level":"info","message":"GET /api-docs/ 304","timestamp":"2026-03-20 11:51:55"}
{"level":"info","message":"GET /api-docs/ 304","timestamp":"2026-03-20 11:51:56"}
{"level":"info","message":"GET /api-docs/ 304","timestamp":"2026-03-20 11:51:56"}
{"level":"info","message":"GET /api-docs/ 304","timestamp":"2026-03-20 11:51:56"}
{"level":"info","message":"GET /api-docs/ 304","timestamp":"2026-03-20 11:51:56"}
{"level":"info","message":"GET /api-docs/ 304","timestamp":"2026-03-20 11:51:57"}
{"level":"info","message":"GET /api-docs/ 304","timestamp":"2026-03-20 11:51:57"}
{"level":"info","message":"GET /api-docs/ 304","timestamp":"2026-03-20 11:51:57"}
{"level":"info","message":"GET /api-docs/ 304","timestamp":"2026-03-20 11:52:01"}
{"level":"info","message":"GET /api-docs/swagger-ui.css 304","timestamp":"2026-03-20 11:52:01"}
{"level":"info","message":"GET /api-docs/swagger-ui-bundle.js 304","timestamp":"2026-03-20 11:52:01"}
{"level":"info","message":"GET /api-docs/swagger-ui-standalone-preset.js 304","timestamp":"2026-03-20 11:52:01"}
{"level":"info","message":"GET /api-docs/swagger-ui-init.js 200","timestamp":"2026-03-20 11:52:01"}
{"level":"info","message":"GET /api-docs/favicon-32x32.png 304","timestamp":"2026-03-20 11:52:01"}
{"level":"info","message":"GET /api-docs/ 304","timestamp":"2026-03-20 11:52:02"}
{"level":"info","message":"GET /api-docs/swagger-ui-init.js 304","timestamp":"2026-03-20 11:52:02"}
{"level":"info","message":"GET /api-docs/swagger-ui.css 304","timestamp":"2026-03-20 11:52:02"}
{"level":"info","message":"GET /api-docs/swagger-ui-bundle.js 304","timestamp":"2026-03-20 11:52:02"}
{"level":"info","message":"GET /api-docs/swagger-ui-standalone-preset.js 304","timestamp":"2026-03-20 11:52:02"}
{"level":"info","message":"GET /api-docs/favicon-32x32.png 304","timestamp":"2026-03-20 11:52:02"}
{"level":"info","message":"GET /api-docs/ 304","timestamp":"2026-03-20 11:52:02"}
{"level":"info","message":"GET /api-docs/swagger-ui-init.js 304","timestamp":"2026-03-20 11:52:02"}
{"level":"info","message":"GET /api-docs/swagger-ui.css 304","timestamp":"2026-03-20 11:52:02"}
{"level":"info","message":"GET /api-docs/swagger-ui-bundle.js 304","timestamp":"2026-03-20 11:52:02"}
{"level":"info","message":"GET /api-docs/swagger-ui-standalone-preset.js 304","timestamp":"2026-03-20 11:52:02"}
{"level":"info","message":"GET /api-docs/favicon-32x32.png 304","timestamp":"2026-03-20 11:52:02"}
{"level":"info","message":"GET /api-docs/ 304","timestamp":"2026-03-20 11:52:35"}
{"level":"info","message":"GET /api-docs/ 304","timestamp":"2026-03-20 11:52:36"}
{"level":"info","message":"GET /api-docs/ 304","timestamp":"2026-03-20 11:52:36"}
{"level":"info","message":"GET /api-docs/ 304","timestamp":"2026-03-20 11:52:43"}
{"level":"info","message":"GET /api-docs/ 304","timestamp":"2026-03-20 11:52:44"}
{"level":"info","message":"GET /api-docs/ 304","timestamp":"2026-03-20 11:53:47"}
{"level":"info","message":"GET / 404","timestamp":"2026-03-20 11:53:50"}
{"level":"info","message":"GET /api-docs/ 304","timestamp":"2026-03-20 11:53:57"}
{"level":"info","message":"GET /api-docs/ 304","timestamp":"2026-03-20 11:55:09"}
{"level":"info","message":"GET /api-docs/ 304","timestamp":"2026-03-20 11:56:56"}
{"level":"info","message":"GET /api-docs/ 304","timestamp":"2026-03-20 11:58:22"}
{"level":"info","message":"GET /api-docs/ 304","timestamp":"2026-03-20 11:58:23"}
{"level":"info","message":"GET /api-docs/ 304","timestamp":"2026-03-20 11:58:23"}
{"level":"info","message":"GET /api-docs/ 304","timestamp":"2026-03-20 11:58:23"}
{"level":"info","message":"GET /api-docs/ 304","timestamp":"2026-03-20 11:58:27"}
{"level":"info","message":"GET /api-docs/ 304","timestamp":"2026-03-20 11:58:28"}
{"level":"info","message":"GET /api-docs/ 304","timestamp":"2026-03-20 11:58:28"}
{"level":"info","message":"GET /api-docs/ 304","timestamp":"2026-03-20 11:58:29"}
{"level":"info","message":"GET /api-docs/ 304","timestamp":"2026-03-20 11:58:29"}
{"level":"info","message":"GET /api-docs/ 304","timestamp":"2026-03-20 11:58:29"}
{"level":"info","message":"GET /api-docs/ 304","timestamp":"2026-03-20 11:58:29"}
{"level":"info","message":"GET /api-docs/ 304","timestamp":"2026-03-20 11:58:33"}
{"level":"info","message":"GET /api-docs/swagger-ui-init.js 200","timestamp":"2026-03-20 11:58:33"}
{"level":"info","message":"GET /api-docs/swagger-ui.css 304","timestamp":"2026-03-20 11:58:33"}
{"level":"info","message":"GET /api-docs/swagger-ui-standalone-preset.js 304","timestamp":"2026-03-20 11:58:33"}
{"level":"info","message":"GET /api-docs/swagger-ui-bundle.js 304","timestamp":"2026-03-20 11:58:33"}
{"level":"info","message":"GET /api-docs/favicon-32x32.png 304","timestamp":"2026-03-20 11:58:33"}
{"level":"info","message":"GET /api-docs/ 304","timestamp":"2026-03-20 11:58:34"}
{"level":"info","message":"GET /api-docs/swagger-ui-init.js 304","timestamp":"2026-03-20 11:58:34"}
{"level":"info","message":"GET /api-docs/swagger-ui.css 304","timestamp":"2026-03-20 11:58:34"}
{"level":"info","message":"GET /api-docs/swagger-ui-bundle.js 304","timestamp":"2026-03-20 11:58:34"}
{"level":"info","message":"GET /api-docs/swagger-ui-standalone-preset.js 304","timestamp":"2026-03-20 11:58:34"}
{"level":"info","message":"GET /api-docs/favicon-32x32.png 304","timestamp":"2026-03-20 11:58:34"}
{"level":"info","message":"GET /api-docs/ 304","timestamp":"2026-03-20 11:58:34"}
{"level":"info","message":"GET /api-docs/swagger-ui-init.js 304","timestamp":"2026-03-20 11:58:34"}
{"level":"info","message":"GET /api-docs/swagger-ui.css 304","timestamp":"2026-03-20 11:58:34"}
{"level":"info","message":"GET /api-docs/swagger-ui-bundle.js 304","timestamp":"2026-03-20 11:58:34"}
{"level":"info","message":"GET /api-docs/swagger-ui-standalone-preset.js 304","timestamp":"2026-03-20 11:58:34"}
{"level":"info","message":"GET /api-docs/favicon-32x32.png 304","timestamp":"2026-03-20 11:58:34"}
{"level":"info","message":"GET /api-docs/ 304","timestamp":"2026-03-20 12:00:08"}
{"level":"info","message":"GET /api-docs/swagger-ui-bundle.js 304","timestamp":"2026-03-20 12:00:08"}
{"level":"info","message":"GET /api-docs/swagger-ui.css 304","timestamp":"2026-03-20 12:00:08"}
{"level":"info","message":"GET /api-docs/swagger-ui-init.js 304","timestamp":"2026-03-20 12:00:08"}
{"level":"info","message":"GET /api-docs/swagger-ui-standalone-preset.js 304","timestamp":"2026-03-20 12:00:08"}
{"level":"info","message":"GET /api-docs/favicon-32x32.png 304","timestamp":"2026-03-20 12:00:08"}
{"level":"info","message":"GET /api-docs/ 200","timestamp":"2026-03-20 12:06:59"}
{"level":"info","message":"GET /api-docs/swagger-ui.css 200","timestamp":"2026-03-20 12:06:59"}
{"level":"info","message":"GET /api-docs/swagger-ui-init.js 200","timestamp":"2026-03-20 12:06:59"}
{"level":"info","message":"GET /api-docs/swagger-ui-standalone-preset.js 200","timestamp":"2026-03-20 12:06:59"}
{"level":"info","message":"GET /api-docs/swagger-ui-bundle.js 200","timestamp":"2026-03-20 12:06:59"}
{"level":"info","message":"GET /api-docs/favicon-32x32.png 200","timestamp":"2026-03-20 12:06:59"}
{"level":"info","message":"GET / 404","timestamp":"2026-03-20 12:09:07"}
{"level":"info","message":"GET /api-docs/ 304","timestamp":"2026-03-20 12:09:12"}
{"level":"info","message":"GET /api-docs/ 304","timestamp":"2026-03-20 12:09:30"}
{"level":"info","message":"GET /health 304","timestamp":"2026-03-20 12:09:41"}
{"level":"info","message":"GET /api-docs/ 304","timestamp":"2026-03-20 12:09:45"}
{"level":"info","message":"GET /api-docs/swagger-ui.css 304","timestamp":"2026-03-20 12:09:45"}
{"level":"info","message":"GET /api-docs/swagger-ui-bundle.js 304","timestamp":"2026-03-20 12:09:45"}
{"level":"info","message":"GET /api-docs/swagger-ui-standalone-preset.js 304","timestamp":"2026-03-20 12:09:45"}
{"level":"info","message":"GET /api-docs/swagger-ui-init.js 304","timestamp":"2026-03-20 12:09:45"}
{"level":"info","message":"GET /api-docs/favicon-32x32.png 304","timestamp":"2026-03-20 12:09:45"}
{"level":"info","message":"GET /api-docs/ 304","timestamp":"2026-03-20 12:09:48"}
{"level":"info","message":"GET /api-docs/swagger-ui.css 304","timestamp":"2026-03-20 12:09:48"}
{"level":"info","message":"GET /api-docs/swagger-ui-bundle.js 304","timestamp":"2026-03-20 12:09:48"}
{"level":"info","message":"GET /api-docs/swagger-ui-standalone-preset.js 304","timestamp":"2026-03-20 12:09:48"}
{"level":"info","message":"GET /api-docs/swagger-ui-init.js 304","timestamp":"2026-03-20 12:09:48"}
{"level":"info","message":"GET /api-docs/favicon-32x32.png 304","timestamp":"2026-03-20 12:09:48"}
{"level":"error","message":"Invalid email","stack":"Error: Invalid email\n    at exports.login (/Users/designingsolutions/Desktop/my-node-project/src/services/userService.js:39:19)\n    at process.processTicksAndRejections (node:internal/process/task_queues:95:5)\n    at async /Users/designingsolutions/Desktop/my-node-project/src/controllers/userController.js:39:18","statusCode":400,"timestamp":"2026-03-20 12:10:04"}
{"level":"info","message":"POST /users/login 400","timestamp":"2026-03-20 12:10:04"}
{"level":"error","message":"Invalid email","stack":"Error: Invalid email\n    at exports.login (/Users/designingsolutions/Desktop/my-node-project/src/services/userService.js:39:19)\n    at process.processTicksAndRejections (node:internal/process/task_queues:95:5)\n    at async /Users/designingsolutions/Desktop/my-node-project/src/controllers/userController.js:39:18","statusCode":400,"timestamp":"2026-03-20 12:10:25"}
{"level":"info","message":"POST /users/login 400","timestamp":"2026-03-20 12:10:25"}
{"level":"error","message":"Invalid email","stack":"Error: Invalid email\n    at exports.login (/Users/designingsolutions/Desktop/my-node-project/src/services/userService.js:39:19)\n    at process.processTicksAndRejections (node:internal/process/task_queues:95:5)\n    at async /Users/designingsolutions/Desktop/my-node-project/src/controllers/userController.js:39:18","statusCode":400,"timestamp":"2026-03-20 12:10:32"}
{"level":"info","message":"POST /users/login 400","timestamp":"2026-03-20 12:10:32"}
{"level":"info","message":"POST /users/createuser 200","timestamp":"2026-03-20 12:10:42"}
{"level":"info","message":"GET /api-docs/ 304","timestamp":"2026-03-20 12:10:53"}
{"level":"info","message":"GET /api-docs/swagger-ui.css 304","timestamp":"2026-03-20 12:10:53"}
{"level":"info","message":"GET /api-docs/swagger-ui-standalone-preset.js 304","timestamp":"2026-03-20 12:10:53"}
{"level":"info","message":"GET /api-docs/swagger-ui-init.js 304","timestamp":"2026-03-20 12:10:53"}
{"level":"info","message":"GET /api-docs/swagger-ui-bundle.js 304","timestamp":"2026-03-20 12:10:53"}
{"level":"info","message":"GET /api-docs/favicon-32x32.png 304","timestamp":"2026-03-20 12:10:53"}
{"level":"info","message":"POST /users/login 200","timestamp":"2026-03-20 12:11:01"}
{"level":"info","message":"GET /api-docs/ 304","timestamp":"2026-03-20 12:12:31"}
{"level":"info","message":"GET /api-docs/ 304","timestamp":"2026-03-20 12:17:12"}
{"level":"info","message":"GET / 404","timestamp":"2026-03-20 12:17:21"}
{"level":"info","message":"GET / 404","timestamp":"2026-03-20 12:17:36"}
{"level":"info","message":"GET /health 304","timestamp":"2026-03-20 12:17:40"}
{"level":"error","message":"No authentication token provided. Please log in.","stack":"Error: No authentication token provided. Please log in.\n    at /Users/designingsolutions/Desktop/my-node-project/src/middlewares/authMiddleware.js:21:19\n    at /Users/designingsolutions/Desktop/my-node-project/src/middlewares/asyncHandler.js:3:21\n    at Layer.handleRequest (/Users/designingsolutions/Desktop/my-node-project/node_modules/router/lib/layer.js:152:17)\n    at next (/Users/designingsolutions/Desktop/my-node-project/node_modules/router/lib/route.js:157:13)\n    at Route.dispatch (/Users/designingsolutions/Desktop/my-node-project/node_modules/router/lib/route.js:117:3)\n    at handle (/Users/designingsolutions/Desktop/my-node-project/node_modules/router/index.js:435:11)\n    at Layer.handleRequest (/Users/designingsolutions/Desktop/my-node-project/node_modules/router/lib/layer.js:152:17)\n    at /Users/designingsolutions/Desktop/my-node-project/node_modules/router/index.js:295:15\n    at processParams (/Users/designingsolutions/Desktop/my-node-project/node_modules/router/index.js:582:12)\n    at next (/Users/designingsolutions/Desktop/my-node-project/node_modules/router/index.js:291:5)","statusCode":401,"timestamp":"2026-03-20 12:18:00"}
{"level":"info","message":"GET /users/userlisting 401","timestamp":"2026-03-20 12:18:00"}
{"level":"info","message":"GET /api-docs/ 304","timestamp":"2026-03-20 12:18:16"}
{"level":"info","message":"GET /health 304","timestamp":"2026-03-20 12:18:25"}
{"level":"info","message":"GET /api-docs/ 304","timestamp":"2026-03-20 12:18:29"}
{"level":"info","message":"GET /api-docs/swagger-ui.css 304","timestamp":"2026-03-20 12:18:29"}
{"level":"info","message":"GET /api-docs/swagger-ui-standalone-preset.js 304","timestamp":"2026-03-20 12:18:29"}
{"level":"info","message":"GET /api-docs/swagger-ui-bundle.js 304","timestamp":"2026-03-20 12:18:29"}
{"level":"info","message":"GET /api-docs/swagger-ui-init.js 200","timestamp":"2026-03-20 12:18:29"}
{"level":"info","message":"GET /api-docs/ 200","timestamp":"2026-03-20 12:18:55"}
{"level":"info","message":"GET /api-docs/swagger-ui-init.js 200","timestamp":"2026-03-20 12:18:55"}
{"level":"info","message":"GET /api-docs/swagger-ui.css 200","timestamp":"2026-03-20 12:18:55"}
{"level":"info","message":"GET /api-docs/swagger-ui-standalone-preset.js 200","timestamp":"2026-03-20 12:18:55"}
{"level":"info","message":"GET /api-docs/swagger-ui-bundle.js 200","timestamp":"2026-03-20 12:18:55"}
{"level":"info","message":"GET /api-docs/favicon-32x32.png 200","timestamp":"2026-03-20 12:18:55"}
{"level":"info","message":"GET /swagger.json 404","timestamp":"2026-03-20 12:22:01"}
{"level":"info","message":"GET / 404","timestamp":"2026-03-20 12:24:32"}
{"level":"info","message":"GET /api-docs/ 304","timestamp":"2026-03-20 12:24:37"}
{"level":"info","message":"GET /api-docs/ 200","timestamp":"2026-03-20 12:27:00"}
{"level":"info","message":"GET /api-docs/swagger-ui-init.js 200","timestamp":"2026-03-20 12:27:00"}
{"level":"info","message":"GET /api-docs/swagger-ui.css 200","timestamp":"2026-03-20 12:27:00"}
{"level":"info","message":"GET /api-docs/swagger-ui-standalone-preset.js 200","timestamp":"2026-03-20 12:27:00"}
{"level":"info","message":"GET /api-docs/swagger-ui-bundle.js 200","timestamp":"2026-03-20 12:27:00"}
{"level":"info","message":"GET /swagger.json 404","timestamp":"2026-03-20 12:27:00"}
{"level":"info","message":"GET /api-docs/favicon-32x32.png 200","timestamp":"2026-03-20 12:27:00"}
{"level":"info","message":"GET /api-docs/ 200","timestamp":"2026-03-20 12:27:22"}
{"level":"info","message":"GET /api-docs/swagger-ui.css 304","timestamp":"2026-03-20 12:27:22"}
{"level":"info","message":"GET /api-docs/swagger-ui-bundle.js 304","timestamp":"2026-03-20 12:27:22"}
{"level":"info","message":"GET /api-docs/swagger-ui-standalone-preset.js 304","timestamp":"2026-03-20 12:27:22"}
{"level":"info","message":"GET /api-docs/swagger-ui-init.js 200","timestamp":"2026-03-20 12:27:22"}
{"level":"info","message":"GET /swagger.json 404","timestamp":"2026-03-20 12:27:23"}
{"level":"info","message":"GET /api-docs/favicon-32x32.png 304","timestamp":"2026-03-20 12:27:23"}
{"level":"info","message":"GET /api-docs/ 304","timestamp":"2026-03-20 12:27:23"}
{"level":"info","message":"GET /api-docs/swagger-ui-init.js 304","timestamp":"2026-03-20 12:27:23"}
{"level":"info","message":"GET /api-docs/swagger-ui.css 304","timestamp":"2026-03-20 12:27:23"}
{"level":"info","message":"GET /api-docs/swagger-ui-bundle.js 304","timestamp":"2026-03-20 12:27:23"}
{"level":"info","message":"GET /api-docs/swagger-ui-standalone-preset.js 304","timestamp":"2026-03-20 12:27:23"}
{"level":"info","message":"GET /swagger.json 404","timestamp":"2026-03-20 12:27:23"}
{"level":"info","message":"GET /api-docs/favicon-32x32.png 304","timestamp":"2026-03-20 12:27:23"}
{"level":"info","message":"GET /api-docs/ 304","timestamp":"2026-03-20 12:27:24"}
{"level":"info","message":"GET /api-docs/swagger-ui-init.js 304","timestamp":"2026-03-20 12:27:24"}
{"level":"info","message":"GET /api-docs/swagger-ui.css 304","timestamp":"2026-03-20 12:27:24"}
{"level":"info","message":"GET /api-docs/swagger-ui-bundle.js 304","timestamp":"2026-03-20 12:27:24"}
{"level":"info","message":"GET /api-docs/swagger-ui-standalone-preset.js 304","timestamp":"2026-03-20 12:27:24"}
{"level":"info","message":"GET /swagger.json 404","timestamp":"2026-03-20 12:27:24"}
{"level":"info","message":"GET /api-docs/favicon-32x32.png 304","timestamp":"2026-03-20 12:27:24"}
{"level":"info","message":"GET /api-docs/ 304","timestamp":"2026-03-20 12:27:24"}
{"level":"info","message":"GET /api-docs/swagger-ui-init.js 304","timestamp":"2026-03-20 12:27:24"}
{"level":"info","message":"GET /api-docs/swagger-ui.css 304","timestamp":"2026-03-20 12:27:24"}
{"level":"info","message":"GET /api-docs/swagger-ui-bundle.js 304","timestamp":"2026-03-20 12:27:24"}
{"level":"info","message":"GET /api-docs/swagger-ui-standalone-preset.js 304","timestamp":"2026-03-20 12:27:24"}
{"level":"info","message":"GET /swagger.json 404","timestamp":"2026-03-20 12:27:24"}
{"level":"info","message":"GET /api-docs/favicon-32x32.png 304","timestamp":"2026-03-20 12:27:24"}
{"level":"info","message":"GET /api-docs/ 304","timestamp":"2026-03-20 12:28:12"}
{"level":"info","message":"GET /api-docs/swagger-ui.css 304","timestamp":"2026-03-20 12:28:12"}
{"level":"info","message":"GET /api-docs/swagger-ui-bundle.js 304","timestamp":"2026-03-20 12:28:12"}
{"level":"info","message":"GET /api-docs/swagger-ui-init.js 200","timestamp":"2026-03-20 12:28:12"}
{"level":"info","message":"GET /api-docs/swagger-ui-standalone-preset.js 304","timestamp":"2026-03-20 12:28:12"}
{"level":"info","message":"GET /api-docs/favicon-32x32.png 304","timestamp":"2026-03-20 12:28:12"}
{"level":"info","message":"GET /api-docs/ 304","timestamp":"2026-03-20 12:28:15"}
{"level":"info","message":"GET /api-docs/swagger-ui-init.js 200","timestamp":"2026-03-20 12:28:15"}
{"level":"info","message":"GET /api-docs/swagger-ui-bundle.js 304","timestamp":"2026-03-20 12:28:15"}
{"level":"info","message":"GET /api-docs/swagger-ui.css 304","timestamp":"2026-03-20 12:28:15"}
{"level":"info","message":"GET /api-docs/swagger-ui-standalone-preset.js 304","timestamp":"2026-03-20 12:28:15"}
{"level":"info","message":"GET /api-docs/favicon-32x32.png 304","timestamp":"2026-03-20 12:28:15"}
{"level":"info","message":"GET /api-docs/ 304","timestamp":"2026-03-20 12:28:32"}
{"level":"info","message":"GET /api-docs/swagger-ui-bundle.js 304","timestamp":"2026-03-20 12:28:32"}
{"level":"info","message":"GET /api-docs/swagger-ui-standalone-preset.js 304","timestamp":"2026-03-20 12:28:32"}
{"level":"info","message":"GET /api-docs/swagger-ui.css 304","timestamp":"2026-03-20 12:28:32"}
{"level":"info","message":"GET /api-docs/swagger-ui-init.js 304","timestamp":"2026-03-20 12:28:32"}
{"level":"info","message":"GET /api-docs/favicon-32x32.png 304","timestamp":"2026-03-20 12:28:32"}
{"level":"info","message":"GET /api-docs/ 304","timestamp":"2026-03-20 12:28:34"}
{"level":"info","message":"GET /api-docs/swagger-ui.css 304","timestamp":"2026-03-20 12:28:34"}
{"level":"info","message":"GET /api-docs/swagger-ui-init.js 304","timestamp":"2026-03-20 12:28:34"}
{"level":"info","message":"GET /api-docs/swagger-ui-bundle.js 304","timestamp":"2026-03-20 12:28:34"}
{"level":"info","message":"GET /api-docs/swagger-ui-standalone-preset.js 304","timestamp":"2026-03-20 12:28:34"}
{"level":"info","message":"GET /api-docs/favicon-32x32.png 304","timestamp":"2026-03-20 12:28:34"}
{"level":"info","message":"GET /api-docs/ 200","timestamp":"2026-03-20 12:30:05"}
{"level":"info","message":"GET /api-docs/swagger-ui-init.js 200","timestamp":"2026-03-20 12:30:05"}
{"level":"info","message":"GET /api-docs/swagger-ui.css 200","timestamp":"2026-03-20 12:30:05"}
{"level":"info","message":"GET /api-docs/swagger-ui-standalone-preset.js 200","timestamp":"2026-03-20 12:30:06"}
{"level":"info","message":"GET /api-docs/swagger-ui-bundle.js 200","timestamp":"2026-03-20 12:30:06"}
{"level":"info","message":"GET /api-docs/ 304","timestamp":"2026-03-20 12:30:53"}
{"level":"info","message":"GET /api-docs/swagger-ui.css 304","timestamp":"2026-03-20 12:30:53"}
{"level":"info","message":"GET /api-docs/swagger-ui-bundle.js 304","timestamp":"2026-03-20 12:30:53"}
{"level":"info","message":"GET /api-docs/swagger-ui-standalone-preset.js 304","timestamp":"2026-03-20 12:30:53"}
{"level":"info","message":"GET /api-docs/swagger-ui-init.js 304","timestamp":"2026-03-20 12:30:53"}
{"level":"info","message":"GET /api-docs/favicon-32x32.png 304","timestamp":"2026-03-20 12:30:53"}
{"level":"info","message":"GET /api-docs/ 304","timestamp":"2026-03-20 12:36:52"}
{"level":"info","message":"GET /api-docs/ 304","timestamp":"2026-03-20 12:36:54"}
{"level":"info","message":"GET /api-docs/ 304","timestamp":"2026-03-20 12:36:55"}
{"level":"info","message":"GET /api-docs/ 304","timestamp":"2026-03-20 12:36:55"}
{"level":"info","message":"GET /api-docs/ 304","timestamp":"2026-03-20 12:37:14"}
{"level":"info","message":"GET /api-docs/ 304","timestamp":"2026-03-20 12:37:15"}
{"level":"info","message":"GET /api-docs/ 304","timestamp":"2026-03-20 12:37:15"}
{"level":"info","message":"GET /api-docs/ 304","timestamp":"2026-03-20 12:37:15"}
{"level":"info","message":"GET /api-docs/ 304","timestamp":"2026-03-20 12:37:15"}
{"level":"info","message":"GET /api-docs/ 304","timestamp":"2026-03-20 12:37:16"}
{"level":"info","message":"GET /api-docs/ 304","timestamp":"2026-03-20 12:37:17"}
{"level":"info","message":"GET /api-docs/ 304","timestamp":"2026-03-20 12:37:17"}
{"level":"info","message":"GET /api-docs/ 304","timestamp":"2026-03-20 12:37:18"}
{"level":"info","message":"GET /api-docs/ 304","timestamp":"2026-03-20 12:37:18"}
{"level":"info","message":"GET /api-docs/ 304","timestamp":"2026-03-20 12:37:35"}
{"level":"info","message":"GET /api-docs/ 304","timestamp":"2026-03-20 12:37:36"}
{"level":"info","message":"GET /api-docs/ 304","timestamp":"2026-03-20 12:37:36"}
{"level":"info","message":"GET /api-docs/ 304","timestamp":"2026-03-20 12:37:36"}
{"level":"info","message":"GET /api-docs/ 304","timestamp":"2026-03-20 12:37:36"}
{"level":"info","message":"GET /api-docs/ 304","timestamp":"2026-03-20 12:38:26"}
{"level":"info","message":"GET /api-docs/ 304","timestamp":"2026-03-20 12:38:28"}
{"level":"info","message":"GET /api-docs/ 304","timestamp":"2026-03-20 12:38:28"}
{"level":"info","message":"GET /api-docs/ 304","timestamp":"2026-03-20 12:38:28"}
{"level":"info","message":"GET /api-docs/ 304","timestamp":"2026-03-20 12:38:28"}
{"level":"info","message":"GET /api-docs/ 304","timestamp":"2026-03-20 12:39:20"}
{"level":"info","message":"GET /api-docs/swagger-ui.css 304","timestamp":"2026-03-20 12:39:20"}
{"level":"info","message":"GET /api-docs/swagger-ui-bundle.js 304","timestamp":"2026-03-20 12:39:20"}
{"level":"info","message":"GET /api-docs/swagger-ui-standalone-preset.js 304","timestamp":"2026-03-20 12:39:20"}
{"level":"info","message":"GET /api-docs/swagger-ui-init.js 200","timestamp":"2026-03-20 12:39:20"}
{"level":"info","message":"GET /api-docs/favicon-32x32.png 304","timestamp":"2026-03-20 12:39:21"}
{"level":"info","message":"GET /api-docs/ 304","timestamp":"2026-03-20 12:39:23"}
{"level":"info","message":"GET /api-docs/ 304","timestamp":"2026-03-20 12:39:24"}
{"level":"info","message":"GET /api-docs/ 304","timestamp":"2026-03-20 12:39:24"}
{"level":"info","message":"GET /api-docs/ 304","timestamp":"2026-03-20 12:39:24"}
{"level":"info","message":"GET /api-docs/ 304","timestamp":"2026-03-20 12:39:32"}
{"level":"info","message":"GET /api-docs/ 304","timestamp":"2026-03-20 12:39:35"}
{"level":"info","message":"GET /api-docs/swagger-ui.css 304","timestamp":"2026-03-20 12:39:35"}
{"level":"info","message":"GET /api-docs/swagger-ui-standalone-preset.js 304","timestamp":"2026-03-20 12:39:35"}
{"level":"info","message":"GET /api-docs/swagger-ui-init.js 200","timestamp":"2026-03-20 12:39:35"}
{"level":"info","message":"GET /api-docs/swagger-ui-bundle.js 304","timestamp":"2026-03-20 12:39:35"}
{"level":"info","message":"GET /api-docs/favicon-32x32.png 304","timestamp":"2026-03-20 12:39:35"}
{"level":"info","message":"GET /api-docs/ 304","timestamp":"2026-03-20 12:39:53"}
{"level":"info","message":"GET /api-docs/swagger-ui.css 304","timestamp":"2026-03-20 12:39:53"}
{"level":"info","message":"GET /api-docs/swagger-ui-bundle.js 304","timestamp":"2026-03-20 12:39:53"}
{"level":"info","message":"GET /api-docs/swagger-ui-init.js 200","timestamp":"2026-03-20 12:39:53"}
{"level":"info","message":"GET /api-docs/swagger-ui-standalone-preset.js 304","timestamp":"2026-03-20 12:39:53"}
{"level":"info","message":"GET /api-docs/favicon-32x32.png 304","timestamp":"2026-03-20 12:39:54"}
{"level":"info","message":"GET /api-docs/ 304","timestamp":"2026-03-20 12:39:54"}
{"level":"info","message":"GET /api-docs/swagger-ui-init.js 304","timestamp":"2026-03-20 12:39:54"}
{"level":"info","message":"GET /api-docs/swagger-ui.css 304","timestamp":"2026-03-20 12:39:54"}
{"level":"info","message":"GET /api-docs/swagger-ui-bundle.js 304","timestamp":"2026-03-20 12:39:54"}
{"level":"info","message":"GET /api-docs/swagger-ui-standalone-preset.js 304","timestamp":"2026-03-20 12:39:54"}
{"level":"info","message":"GET /api-docs/favicon-32x32.png 304","timestamp":"2026-03-20 12:39:54"}
{"level":"info","message":"GET /api-docs/ 304","timestamp":"2026-03-20 12:39:54"}
{"level":"info","message":"GET /api-docs/swagger-ui-init.js 304","timestamp":"2026-03-20 12:39:54"}
{"level":"info","message":"GET /api-docs/swagger-ui.css 304","timestamp":"2026-03-20 12:39:54"}
{"level":"info","message":"GET /api-docs/swagger-ui-bundle.js 304","timestamp":"2026-03-20 12:39:54"}
{"level":"info","message":"GET /api-docs/swagger-ui-standalone-preset.js 304","timestamp":"2026-03-20 12:39:54"}
{"level":"info","message":"GET /api-docs/favicon-32x32.png 304","timestamp":"2026-03-20 12:39:54"}
{"level":"info","message":"GET /api-docs/ 304","timestamp":"2026-03-20 12:39:54"}
{"level":"info","message":"GET /api-docs/swagger-ui-init.js 304","timestamp":"2026-03-20 12:39:54"}
{"level":"info","message":"GET /api-docs/swagger-ui.css 304","timestamp":"2026-03-20 12:39:54"}
{"level":"info","message":"GET /api-docs/swagger-ui-bundle.js 304","timestamp":"2026-03-20 12:39:54"}
{"level":"info","message":"GET /api-docs/swagger-ui-standalone-preset.js 304","timestamp":"2026-03-20 12:39:54"}
{"level":"info","message":"GET /api-docs/favicon-32x32.png 304","timestamp":"2026-03-20 12:39:54"}
{"level":"info","message":"GET /api-docs/ 304","timestamp":"2026-03-20 12:39:58"}
{"level":"info","message":"GET /api-docs/ 304","timestamp":"2026-03-20 12:39:58"}
{"level":"info","message":"GET /api-docs/ 304","timestamp":"2026-03-20 12:39:58"}
{"level":"info","message":"GET /api-docs/ 304","timestamp":"2026-03-20 12:39:59"}
{"level":"info","message":"GET /api-docs/ 304","timestamp":"2026-03-20 12:40:59"}
{"level":"info","message":"GET /api-docs/ 304","timestamp":"2026-03-20 12:41:02"}
{"level":"info","message":"GET /api-docs/ 304","timestamp":"2026-03-20 12:41:02"}
{"level":"info","message":"GET /api-docs/ 304","timestamp":"2026-03-20 12:41:02"}
{"level":"info","message":"GET /api-docs/ 304","timestamp":"2026-03-20 12:42:07"}
{"level":"info","message":"GET /api-docs/ 304","timestamp":"2026-03-20 12:42:08"}
{"level":"info","message":"GET /api-docs/ 304","timestamp":"2026-03-20 12:42:08"}
{"level":"info","message":"GET /api-docs/ 304","timestamp":"2026-03-20 12:42:08"}
{"level":"info","message":"GET /api-docs/ 304","timestamp":"2026-03-20 12:42:08"}
{"level":"info","message":"GET /api-docs/ 304","timestamp":"2026-03-20 12:42:11"}
{"level":"info","message":"GET /api-docs/swagger-ui-init.js 304","timestamp":"2026-03-20 12:42:11"}
{"level":"info","message":"GET /api-docs/swagger-ui-bundle.js 304","timestamp":"2026-03-20 12:42:11"}
{"level":"info","message":"GET /api-docs/swagger-ui.css 304","timestamp":"2026-03-20 12:42:11"}
{"level":"info","message":"GET /api-docs/swagger-ui-standalone-preset.js 304","timestamp":"2026-03-20 12:42:11"}
{"level":"info","message":"GET /api-docs/favicon-32x32.png 304","timestamp":"2026-03-20 12:42:11"}
{"level":"info","message":"GET /api-docs/ 304","timestamp":"2026-03-20 12:42:12"}
{"level":"info","message":"GET /api-docs/swagger-ui-init.js 304","timestamp":"2026-03-20 12:42:12"}
{"level":"info","message":"GET /api-docs/swagger-ui.css 304","timestamp":"2026-03-20 12:42:12"}
{"level":"info","message":"GET /api-docs/swagger-ui-bundle.js 304","timestamp":"2026-03-20 12:42:12"}
{"level":"info","message":"GET /api-docs/swagger-ui-standalone-preset.js 304","timestamp":"2026-03-20 12:42:12"}
{"level":"info","message":"GET /api-docs/favicon-32x32.png 304","timestamp":"2026-03-20 12:42:12"}
{"level":"info","message":"GET /api-docs/ 304","timestamp":"2026-03-20 12:42:59"}
{"level":"info","message":"GET /api-docs/swagger-ui.css 304","timestamp":"2026-03-20 12:42:59"}
{"level":"info","message":"GET /api-docs/swagger-ui-bundle.js 304","timestamp":"2026-03-20 12:42:59"}
{"level":"info","message":"GET /api-docs/swagger-ui-standalone-preset.js 304","timestamp":"2026-03-20 12:42:59"}
{"level":"info","message":"GET /api-docs/swagger-ui-init.js 200","timestamp":"2026-03-20 12:42:59"}
{"level":"info","message":"GET /api-docs/favicon-32x32.png 304","timestamp":"2026-03-20 12:42:59"}
{"level":"info","message":"GET /api-docs/ 304","timestamp":"2026-03-20 12:43:00"}
{"level":"info","message":"GET /api-docs/swagger-ui-init.js 304","timestamp":"2026-03-20 12:43:00"}
{"level":"info","message":"GET /api-docs/swagger-ui.css 304","timestamp":"2026-03-20 12:43:00"}
{"level":"info","message":"GET /api-docs/swagger-ui-bundle.js 304","timestamp":"2026-03-20 12:43:00"}
{"level":"info","message":"GET /api-docs/swagger-ui-standalone-preset.js 304","timestamp":"2026-03-20 12:43:00"}
{"level":"info","message":"GET /api-docs/favicon-32x32.png 304","timestamp":"2026-03-20 12:43:00"}
{"level":"info","message":"GET /api-docs/ 304","timestamp":"2026-03-20 12:43:00"}
{"level":"info","message":"GET /api-docs/swagger-ui-init.js 304","timestamp":"2026-03-20 12:43:00"}
{"level":"info","message":"GET /api-docs/swagger-ui.css 304","timestamp":"2026-03-20 12:43:00"}
{"level":"info","message":"GET /api-docs/swagger-ui-bundle.js 304","timestamp":"2026-03-20 12:43:00"}
{"level":"info","message":"GET /api-docs/swagger-ui-standalone-preset.js 304","timestamp":"2026-03-20 12:43:00"}
{"level":"info","message":"GET /api-docs/favicon-32x32.png 304","timestamp":"2026-03-20 12:43:00"}
{"level":"info","message":"GET /api-docs/ 304","timestamp":"2026-03-20 12:43:02"}
{"level":"info","message":"GET /api-docs/ 304","timestamp":"2026-03-20 12:43:02"}
{"level":"info","message":"GET /api-docs/ 304","timestamp":"2026-03-20 12:43:03"}
{"level":"info","message":"GET /api-docs/ 304","timestamp":"2026-03-20 12:43:03"}
{"level":"info","message":"GET /api-docs/ 304","timestamp":"2026-03-20 12:43:43"}
{"level":"info","message":"GET /api-docs/ 304","timestamp":"2026-03-20 12:43:44"}
{"level":"info","message":"GET /api-docs/ 304","timestamp":"2026-03-20 12:43:44"}
{"level":"info","message":"GET /api-docs/ 304","timestamp":"2026-03-20 12:43:44"}
{"level":"info","message":"GET /api-docs/ 304","timestamp":"2026-03-20 12:43:47"}
{"level":"info","message":"GET /api-docs/swagger-ui-bundle.js 304","timestamp":"2026-03-20 12:43:47"}
{"level":"info","message":"GET /api-docs/swagger-ui-standalone-preset.js 304","timestamp":"2026-03-20 12:43:47"}
{"level":"info","message":"GET /api-docs/swagger-ui.css 304","timestamp":"2026-03-20 12:43:47"}
{"level":"info","message":"GET /api-docs/swagger-ui-init.js 200","timestamp":"2026-03-20 12:43:47"}
{"level":"info","message":"GET /api-docs/favicon-32x32.png 304","timestamp":"2026-03-20 12:43:47"}
{"level":"info","message":"GET /api-docs/ 304","timestamp":"2026-03-20 12:44:16"}
{"level":"info","message":"GET /api-docs/swagger-ui.css 304","timestamp":"2026-03-20 12:44:16"}
{"level":"info","message":"GET /api-docs/swagger-ui-bundle.js 304","timestamp":"2026-03-20 12:44:16"}
{"level":"info","message":"GET /api-docs/swagger-ui-standalone-preset.js 304","timestamp":"2026-03-20 12:44:16"}
{"level":"info","message":"GET /api-docs/swagger-ui-init.js 200","timestamp":"2026-03-20 12:44:16"}
{"level":"info","message":"GET /api-docs/favicon-32x32.png 304","timestamp":"2026-03-20 12:44:16"}
{"level":"info","message":"GET /api-docs/ 304","timestamp":"2026-03-20 12:44:26"}
{"level":"info","message":"GET /api-docs/ 304","timestamp":"2026-03-20 12:45:02"}
{"level":"info","message":"GET /api-docs/ 304","timestamp":"2026-03-20 12:46:41"}
{"level":"info","message":"GET /api-docs/ 304","timestamp":"2026-03-20 12:46:41"}
{"level":"info","message":"GET /api-docs/ 304","timestamp":"2026-03-20 12:46:41"}
{"level":"info","message":"GET /api-docs/ 304","timestamp":"2026-03-20 12:46:44"}
{"level":"info","message":"GET /api-docs/swagger-ui-init.js 304","timestamp":"2026-03-20 12:46:44"}
{"level":"info","message":"GET /api-docs/swagger-ui.css 304","timestamp":"2026-03-20 12:46:44"}
{"level":"info","message":"GET /api-docs/swagger-ui-standalone-preset.js 304","timestamp":"2026-03-20 12:46:44"}
{"level":"info","message":"GET /api-docs/swagger-ui-bundle.js 304","timestamp":"2026-03-20 12:46:44"}
{"level":"info","message":"GET /api-docs/favicon-32x32.png 304","timestamp":"2026-03-20 12:46:44"}
{"level":"info","message":"GET /api-docs/ 304","timestamp":"2026-03-20 12:46:45"}
{"level":"info","message":"GET /api-docs/swagger-ui-init.js 304","timestamp":"2026-03-20 12:46:45"}
{"level":"info","message":"GET /api-docs/swagger-ui.css 304","timestamp":"2026-03-20 12:46:45"}
{"level":"info","message":"GET /api-docs/swagger-ui-bundle.js 304","timestamp":"2026-03-20 12:46:45"}
{"level":"info","message":"GET /api-docs/swagger-ui-standalone-preset.js 304","timestamp":"2026-03-20 12:46:45"}
{"level":"info","message":"GET /api-docs/favicon-32x32.png 304","timestamp":"2026-03-20 12:46:45"}
{"level":"info","message":"GET /api-docs/ 304","timestamp":"2026-03-20 12:46:45"}
{"level":"info","message":"GET /api-docs/swagger-ui-init.js 304","timestamp":"2026-03-20 12:46:45"}
{"level":"info","message":"GET /api-docs/swagger-ui-bundle.js 304","timestamp":"2026-03-20 12:46:45"}
{"level":"info","message":"GET /api-docs/swagger-ui.css 304","timestamp":"2026-03-20 12:46:45"}
{"level":"info","message":"GET /api-docs/swagger-ui-standalone-preset.js 304","timestamp":"2026-03-20 12:46:45"}
{"level":"info","message":"GET /api-docs/favicon-32x32.png 304","timestamp":"2026-03-20 12:46:45"}
{"level":"info","message":"GET /api-docs/ 304","timestamp":"2026-03-20 12:46:45"}
{"level":"info","message":"GET /api-docs/swagger-ui-init.js 304","timestamp":"2026-03-20 12:46:45"}
{"level":"info","message":"GET /api-docs/swagger-ui.css 304","timestamp":"2026-03-20 12:46:45"}
{"level":"info","message":"GET /api-docs/swagger-ui-bundle.js 304","timestamp":"2026-03-20 12:46:45"}
{"level":"info","message":"GET /api-docs/swagger-ui-standalone-preset.js 304","timestamp":"2026-03-20 12:46:45"}
{"level":"info","message":"GET /api-docs/favicon-32x32.png 304","timestamp":"2026-03-20 12:46:45"}
{"level":"info","message":"GET /api-docs/ 304","timestamp":"2026-03-20 12:46:45"}
{"level":"info","message":"GET /api-docs/swagger-ui-init.js 304","timestamp":"2026-03-20 12:46:45"}
{"level":"info","message":"GET /api-docs/swagger-ui.css 304","timestamp":"2026-03-20 12:46:45"}
{"level":"info","message":"GET /api-docs/swagger-ui-bundle.js 304","timestamp":"2026-03-20 12:46:45"}
{"level":"info","message":"GET /api-docs/swagger-ui-standalone-preset.js 304","timestamp":"2026-03-20 12:46:45"}
{"level":"info","message":"GET /api-docs/favicon-32x32.png 304","timestamp":"2026-03-20 12:46:45"}
{"level":"info","message":"GET /api-docs/ 304","timestamp":"2026-03-20 12:46:45"}
{"level":"info","message":"GET /api-docs/swagger-ui-init.js 304","timestamp":"2026-03-20 12:46:45"}
{"level":"info","message":"GET /api-docs/swagger-ui-bundle.js 304","timestamp":"2026-03-20 12:46:45"}
{"level":"info","message":"GET /api-docs/swagger-ui.css 304","timestamp":"2026-03-20 12:46:45"}
{"level":"info","message":"GET /api-docs/swagger-ui-standalone-preset.js 304","timestamp":"2026-03-20 12:46:45"}
{"level":"info","message":"GET /api-docs/favicon-32x32.png 304","timestamp":"2026-03-20 12:46:45"}
{"level":"info","message":"GET /api-docs/ 304","timestamp":"2026-03-20 12:48:00"}
{"level":"info","message":"GET /api-docs/ 304","timestamp":"2026-03-20 12:48:00"}
{"level":"info","message":"GET /api-docs/ 304","timestamp":"2026-03-20 12:48:00"}
{"level":"info","message":"GET /api-docs/ 304","timestamp":"2026-03-20 12:48:06"}
{"level":"info","message":"GET /api-docs/ 304","timestamp":"2026-03-20 12:48:10"}
{"level":"info","message":"GET /api-docs/swagger-ui-bundle.js 304","timestamp":"2026-03-20 12:48:10"}
{"level":"info","message":"GET /api-docs/swagger-ui.css 304","timestamp":"2026-03-20 12:48:10"}
{"level":"info","message":"GET /api-docs/swagger-ui-standalone-preset.js 304","timestamp":"2026-03-20 12:48:10"}
{"level":"info","message":"GET /api-docs/swagger-ui-init.js 200","timestamp":"2026-03-20 12:48:10"}
{"level":"info","message":"GET /api-docs/favicon-32x32.png 304","timestamp":"2026-03-20 12:48:11"}
{"level":"info","message":"GET /api-docs/ 304","timestamp":"2026-03-20 12:48:11"}
{"level":"info","message":"GET /api-docs/swagger-ui-init.js 304","timestamp":"2026-03-20 12:48:11"}
{"level":"info","message":"GET /api-docs/swagger-ui.css 304","timestamp":"2026-03-20 12:48:11"}
{"level":"info","message":"GET /api-docs/swagger-ui-bundle.js 304","timestamp":"2026-03-20 12:48:11"}
{"level":"info","message":"GET /api-docs/swagger-ui-standalone-preset.js 304","timestamp":"2026-03-20 12:48:11"}
{"level":"info","message":"GET /api-docs/favicon-32x32.png 304","timestamp":"2026-03-20 12:48:11"}
{"level":"info","message":"GET /api-docs/ 304","timestamp":"2026-03-20 12:48:11"}
{"level":"info","message":"GET /api-docs/swagger-ui-init.js 304","timestamp":"2026-03-20 12:48:11"}
{"level":"info","message":"GET /api-docs/swagger-ui.css 304","timestamp":"2026-03-20 12:48:11"}
{"level":"info","message":"GET /api-docs/swagger-ui-bundle.js 304","timestamp":"2026-03-20 12:48:11"}
{"level":"info","message":"GET /api-docs/swagger-ui-standalone-preset.js 304","timestamp":"2026-03-20 12:48:11"}
{"level":"info","message":"GET /api-docs/favicon-32x32.png 304","timestamp":"2026-03-20 12:48:11"}
{"level":"info","message":"GET /api-docs/ 304","timestamp":"2026-03-20 12:48:11"}
{"level":"info","message":"GET /api-docs/swagger-ui-init.js 304","timestamp":"2026-03-20 12:48:11"}
{"level":"info","message":"GET /api-docs/swagger-ui.css 304","timestamp":"2026-03-20 12:48:11"}
{"level":"info","message":"GET /api-docs/swagger-ui-bundle.js 304","timestamp":"2026-03-20 12:48:11"}
{"level":"info","message":"GET /api-docs/swagger-ui-standalone-preset.js 304","timestamp":"2026-03-20 12:48:11"}
{"level":"info","message":"GET /api-docs/favicon-32x32.png 304","timestamp":"2026-03-20 12:48:11"}
{"level":"info","message":"GET /api-docs/ 304","timestamp":"2026-03-20 12:48:11"}
{"level":"info","message":"GET /api-docs/swagger-ui-init.js 304","timestamp":"2026-03-20 12:48:11"}
{"level":"info","message":"GET /api-docs/swagger-ui.css 304","timestamp":"2026-03-20 12:48:11"}
{"level":"info","message":"GET /api-docs/swagger-ui-bundle.js 304","timestamp":"2026-03-20 12:48:11"}
{"level":"info","message":"GET /api-docs/swagger-ui-standalone-preset.js 304","timestamp":"2026-03-20 12:48:11"}
{"level":"info","message":"GET /api-docs/favicon-32x32.png 304","timestamp":"2026-03-20 12:48:11"}
{"level":"info","message":"GET /api-docs/ 304","timestamp":"2026-03-20 12:48:26"}
{"level":"info","message":"GET /api-docs/ 304","timestamp":"2026-03-20 12:48:27"}
{"level":"info","message":"GET /api-docs/ 304","timestamp":"2026-03-20 12:48:27"}
{"level":"info","message":"GET /api-docs/ 304","timestamp":"2026-03-20 12:48:34"}
{"level":"info","message":"GET /api-docs/ 304","timestamp":"2026-03-20 12:48:43"}
{"level":"info","message":"GET /api-docs/ 304","timestamp":"2026-03-20 12:48:43"}
{"level":"info","message":"GET /api-docs/ 304","timestamp":"2026-03-20 12:48:46"}
{"level":"info","message":"GET /api-docs/swagger-ui.css 304","timestamp":"2026-03-20 12:48:46"}
{"level":"info","message":"GET /api-docs/swagger-ui-bundle.js 304","timestamp":"2026-03-20 12:48:46"}
{"level":"info","message":"GET /api-docs/swagger-ui-standalone-preset.js 304","timestamp":"2026-03-20 12:48:46"}
{"level":"info","message":"GET /api-docs/swagger-ui-init.js 200","timestamp":"2026-03-20 12:48:46"}
{"level":"info","message":"GET /api-docs/favicon-32x32.png 304","timestamp":"2026-03-20 12:48:47"}
{"level":"info","message":"GET /api-docs/ 304","timestamp":"2026-03-20 12:48:47"}
{"level":"info","message":"GET /api-docs/swagger-ui-init.js 304","timestamp":"2026-03-20 12:48:47"}
{"level":"info","message":"GET /api-docs/swagger-ui.css 304","timestamp":"2026-03-20 12:48:47"}
{"level":"info","message":"GET /api-docs/swagger-ui-bundle.js 304","timestamp":"2026-03-20 12:48:47"}
{"level":"info","message":"GET /api-docs/swagger-ui-standalone-preset.js 304","timestamp":"2026-03-20 12:48:47"}
{"level":"info","message":"GET /api-docs/favicon-32x32.png 304","timestamp":"2026-03-20 12:48:47"}
{"level":"info","message":"GET /api-docs/ 304","timestamp":"2026-03-20 12:48:47"}
{"level":"info","message":"GET /api-docs/swagger-ui-init.js 304","timestamp":"2026-03-20 12:48:47"}
{"level":"info","message":"GET /api-docs/swagger-ui-bundle.js 304","timestamp":"2026-03-20 12:48:47"}
{"level":"info","message":"GET /api-docs/swagger-ui.css 304","timestamp":"2026-03-20 12:48:47"}
{"level":"info","message":"GET /api-docs/swagger-ui-standalone-preset.js 304","timestamp":"2026-03-20 12:48:47"}
{"level":"info","message":"GET /api-docs/favicon-32x32.png 304","timestamp":"2026-03-20 12:48:47"}
{"level":"info","message":"GET /api-docs/ 304","timestamp":"2026-03-20 12:48:54"}
{"level":"info","message":"GET /api-docs/swagger-ui.css 304","timestamp":"2026-03-20 12:48:54"}
{"level":"info","message":"GET /api-docs/swagger-ui-bundle.js 304","timestamp":"2026-03-20 12:48:54"}
{"level":"info","message":"GET /api-docs/swagger-ui-standalone-preset.js 304","timestamp":"2026-03-20 12:48:54"}
{"level":"info","message":"GET /api-docs/swagger-ui-init.js 304","timestamp":"2026-03-20 12:48:54"}
{"level":"info","message":"GET /api-docs/favicon-32x32.png 304","timestamp":"2026-03-20 12:48:54"}
{"level":"info","message":"GET /api-docs/ 304","timestamp":"2026-03-20 12:48:59"}
{"level":"info","message":"GET /api-docs/swagger-ui.css 304","timestamp":"2026-03-20 12:48:59"}
{"level":"info","message":"GET /api-docs/swagger-ui-bundle.js 304","timestamp":"2026-03-20 12:48:59"}
{"level":"info","message":"GET /api-docs/swagger-ui-standalone-preset.js 304","timestamp":"2026-03-20 12:48:59"}
{"level":"info","message":"GET /api-docs/swagger-ui-init.js 304","timestamp":"2026-03-20 12:49:00"}
{"level":"info","message":"GET /api-docs/favicon-32x32.png 304","timestamp":"2026-03-20 12:49:00"}
{"level":"info","message":"GET /api-docs/ 304","timestamp":"2026-03-20 12:49:00"}
{"level":"info","message":"GET /api-docs/swagger-ui-init.js 304","timestamp":"2026-03-20 12:49:00"}
{"level":"info","message":"GET /api-docs/swagger-ui.css 304","timestamp":"2026-03-20 12:49:00"}
{"level":"info","message":"GET /api-docs/swagger-ui-bundle.js 304","timestamp":"2026-03-20 12:49:00"}
{"level":"info","message":"GET /api-docs/swagger-ui-standalone-preset.js 304","timestamp":"2026-03-20 12:49:00"}
{"level":"info","message":"GET /api-docs/favicon-32x32.png 304","timestamp":"2026-03-20 12:49:00"}
{"level":"info","message":"GET /api-docs/ 304","timestamp":"2026-03-20 12:49:00"}
{"level":"info","message":"GET /api-docs/swagger-ui-init.js 304","timestamp":"2026-03-20 12:49:00"}
{"level":"info","message":"GET /api-docs/swagger-ui.css 304","timestamp":"2026-03-20 12:49:00"}
{"level":"info","message":"GET /api-docs/swagger-ui-bundle.js 304","timestamp":"2026-03-20 12:49:00"}
{"level":"info","message":"GET /api-docs/swagger-ui-standalone-preset.js 304","timestamp":"2026-03-20 12:49:00"}
{"level":"info","message":"GET /api-docs/favicon-32x32.png 304","timestamp":"2026-03-20 12:49:00"}
{"level":"info","message":"GET /api-docs/ 304","timestamp":"2026-03-20 12:49:08"}
{"level":"info","message":"GET /api-docs/swagger-ui.css 304","timestamp":"2026-03-20 12:49:08"}
{"level":"info","message":"GET /api-docs/swagger-ui-bundle.js 304","timestamp":"2026-03-20 12:49:08"}
{"level":"info","message":"GET /api-docs/swagger-ui-standalone-preset.js 304","timestamp":"2026-03-20 12:49:08"}
{"level":"info","message":"GET /api-docs/swagger-ui-init.js 200","timestamp":"2026-03-20 12:49:08"}
{"level":"info","message":"GET /api-docs/favicon-32x32.png 304","timestamp":"2026-03-20 12:49:08"}
{"level":"info","message":"GET /api-docs/ 304","timestamp":"2026-03-20 12:49:11"}
{"level":"info","message":"GET /api-docs/ 304","timestamp":"2026-03-20 12:49:11"}
{"level":"info","message":"GET /api-docs/ 304","timestamp":"2026-03-20 12:49:11"}
{"level":"info","message":"GET / 404","timestamp":"2026-03-20 12:50:28"}
{"level":"info","message":"GET / 404","timestamp":"2026-03-20 12:51:25"}
{"level":"info","message":"GET /api-docs/ 304","timestamp":"2026-03-20 12:51:30"}
{"level":"info","message":"GET /api-docs/ 304","timestamp":"2026-03-20 12:51:35"}
{"level":"info","message":"GET /api-docs/swagger-ui-init.js 200","timestamp":"2026-03-20 12:51:35"}
{"level":"info","message":"GET /api-docs/swagger-ui-bundle.js 304","timestamp":"2026-03-20 12:51:35"}
{"level":"info","message":"GET /api-docs/swagger-ui.css 304","timestamp":"2026-03-20 12:51:35"}
{"level":"info","message":"GET /api-docs/swagger-ui-standalone-preset.js 304","timestamp":"2026-03-20 12:51:35"}
{"level":"info","message":"GET /swagger.json 404","timestamp":"2026-03-20 12:51:35"}
{"level":"info","message":"GET /api-docs/favicon-32x32.png 304","timestamp":"2026-03-20 12:51:35"}
{"level":"info","message":"GET /api-docs/ 304","timestamp":"2026-03-20 12:51:36"}
{"level":"info","message":"GET /api-docs/swagger-ui-init.js 304","timestamp":"2026-03-20 12:51:36"}
{"level":"info","message":"GET /api-docs/swagger-ui.css 304","timestamp":"2026-03-20 12:51:36"}
{"level":"info","message":"GET /api-docs/swagger-ui-bundle.js 304","timestamp":"2026-03-20 12:51:36"}
{"level":"info","message":"GET /api-docs/swagger-ui-standalone-preset.js 304","timestamp":"2026-03-20 12:51:36"}
{"level":"info","message":"GET /swagger.json 404","timestamp":"2026-03-20 12:51:36"}
{"level":"info","message":"GET /api-docs/favicon-32x32.png 304","timestamp":"2026-03-20 12:51:36"}
{"level":"info","message":"GET /api-docs/ 304","timestamp":"2026-03-20 12:51:44"}
{"level":"info","message":"GET /api-docs/swagger-ui.css 304","timestamp":"2026-03-20 12:51:44"}
{"level":"info","message":"GET /api-docs/swagger-ui-bundle.js 304","timestamp":"2026-03-20 12:51:44"}
{"level":"info","message":"GET /api-docs/swagger-ui-standalone-preset.js 304","timestamp":"2026-03-20 12:51:44"}
{"level":"info","message":"GET /api-docs/swagger-ui-init.js 304","timestamp":"2026-03-20 12:51:44"}
{"level":"info","message":"GET /swagger.json 404","timestamp":"2026-03-20 12:51:44"}
{"level":"info","message":"GET /api-docs/favicon-32x32.png 304","timestamp":"2026-03-20 12:51:44"}
{"level":"info","message":"GET /api-docs/ 304","timestamp":"2026-03-20 12:51:44"}
{"level":"info","message":"GET /api-docs/swagger-ui-init.js 304","timestamp":"2026-03-20 12:51:44"}
{"level":"info","message":"GET /api-docs/swagger-ui.css 304","timestamp":"2026-03-20 12:51:44"}
{"level":"info","message":"GET /api-docs/swagger-ui-bundle.js 304","timestamp":"2026-03-20 12:51:44"}
{"level":"info","message":"GET /api-docs/swagger-ui-standalone-preset.js 304","timestamp":"2026-03-20 12:51:44"}
{"level":"info","message":"GET /swagger.json 404","timestamp":"2026-03-20 12:51:44"}
{"level":"info","message":"GET /api-docs/favicon-32x32.png 304","timestamp":"2026-03-20 12:51:44"}
{"level":"info","message":"GET /api-docs/ 304","timestamp":"2026-03-20 12:51:49"}
{"level":"info","message":"GET /api-docs/ 304","timestamp":"2026-03-20 12:51:49"}
{"level":"info","message":"GET /api-docs/ 304","timestamp":"2026-03-20 12:51:49"}
{"level":"info","message":"GET /api-docs/ 200","timestamp":"2026-03-20 12:51:56"}
{"level":"info","message":"GET /api-docs/swagger-ui-init.js 200","timestamp":"2026-03-20 12:51:56"}
{"level":"info","message":"GET /api-docs/swagger-ui-bundle.js 304","timestamp":"2026-03-20 12:51:56"}
{"level":"info","message":"GET /api-docs/swagger-ui.css 304","timestamp":"2026-03-20 12:51:56"}
{"level":"info","message":"GET /api-docs/swagger-ui-standalone-preset.js 304","timestamp":"2026-03-20 12:51:56"}
{"level":"info","message":"GET /api-docs/favicon-32x32.png 304","timestamp":"2026-03-20 12:51:56"}
{"level":"info","message":"GET /api-docs/ 200","timestamp":"2026-03-20 12:51:59"}
{"level":"info","message":"GET /api-docs/swagger-ui-bundle.js 304","timestamp":"2026-03-20 12:51:59"}
{"level":"info","message":"GET /api-docs/swagger-ui.css 304","timestamp":"2026-03-20 12:51:59"}
{"level":"info","message":"GET /api-docs/swagger-ui-standalone-preset.js 304","timestamp":"2026-03-20 12:51:59"}
{"level":"info","message":"GET /api-docs/swagger-ui-init.js 200","timestamp":"2026-03-20 12:51:59"}
{"level":"info","message":"GET /api-docs/favicon-32x32.png 304","timestamp":"2026-03-20 12:51:59"}
{"level":"info","message":"GET /api-docs/ 304","timestamp":"2026-03-20 12:52:02"}
{"level":"info","message":"GET /api-docs/swagger-ui.css 304","timestamp":"2026-03-20 12:52:02"}
{"level":"info","message":"GET /api-docs/swagger-ui-standalone-preset.js 304","timestamp":"2026-03-20 12:52:02"}
{"level":"info","message":"GET /api-docs/swagger-ui-bundle.js 304","timestamp":"2026-03-20 12:52:02"}
{"level":"info","message":"GET /api-docs/swagger-ui-init.js 304","timestamp":"2026-03-20 12:52:02"}
{"level":"info","message":"GET /api-docs/favicon-32x32.png 304","timestamp":"2026-03-20 12:52:02"}
{"level":"info","message":"GET /api-docs/ 304","timestamp":"2026-03-20 12:52:04"}
{"level":"info","message":"GET /api-docs/swagger-ui-init.js 304","timestamp":"2026-03-20 12:52:04"}
{"level":"info","message":"GET /api-docs/swagger-ui.css 304","timestamp":"2026-03-20 12:52:04"}
{"level":"info","message":"GET /api-docs/swagger-ui-bundle.js 304","timestamp":"2026-03-20 12:52:04"}
{"level":"info","message":"GET /api-docs/swagger-ui-standalone-preset.js 304","timestamp":"2026-03-20 12:52:04"}
{"level":"info","message":"GET /api-docs/favicon-32x32.png 304","timestamp":"2026-03-20 12:52:04"}
{"level":"info","message":"GET /api-docs/ 304","timestamp":"2026-03-20 12:52:04"}
{"level":"info","message":"GET /api-docs/swagger-ui-init.js 304","timestamp":"2026-03-20 12:52:04"}
{"level":"info","message":"GET /api-docs/swagger-ui.css 304","timestamp":"2026-03-20 12:52:04"}
{"level":"info","message":"GET /api-docs/swagger-ui-bundle.js 304","timestamp":"2026-03-20 12:52:04"}
{"level":"info","message":"GET /api-docs/swagger-ui-standalone-preset.js 304","timestamp":"2026-03-20 12:52:04"}
{"level":"info","message":"GET /api-docs/favicon-32x32.png 304","timestamp":"2026-03-20 12:52:04"}
{"level":"info","message":"GET /api-docs/ 304","timestamp":"2026-03-20 12:52:04"}
{"level":"info","message":"GET /api-docs/swagger-ui-init.js 304","timestamp":"2026-03-20 12:52:04"}
{"level":"info","message":"GET /api-docs/swagger-ui.css 304","timestamp":"2026-03-20 12:52:04"}
{"level":"info","message":"GET /api-docs/swagger-ui-bundle.js 304","timestamp":"2026-03-20 12:52:04"}
{"level":"info","message":"GET /api-docs/swagger-ui-standalone-preset.js 304","timestamp":"2026-03-20 12:52:04"}
{"level":"info","message":"GET /api-docs/favicon-32x32.png 304","timestamp":"2026-03-20 12:52:04"}
{"level":"info","message":"GET /api-docs/ 304","timestamp":"2026-03-20 12:52:53"}
{"level":"info","message":"GET /api-docs/swagger-ui.css 304","timestamp":"2026-03-20 12:52:53"}
{"level":"info","message":"GET /api-docs/swagger-ui-bundle.js 304","timestamp":"2026-03-20 12:52:53"}
{"level":"info","message":"GET /api-docs/swagger-ui-init.js 200","timestamp":"2026-03-20 12:52:53"}
{"level":"info","message":"GET /api-docs/swagger-ui-standalone-preset.js 304","timestamp":"2026-03-20 12:52:53"}
{"level":"info","message":"GET /api-docs/favicon-32x32.png 304","timestamp":"2026-03-20 12:52:53"}
{"level":"info","message":"GET /api-docs/ 304","timestamp":"2026-03-20 12:53:01"}
{"level":"info","message":"GET /api-docs/swagger-ui.css 304","timestamp":"2026-03-20 12:53:01"}
{"level":"info","message":"GET /api-docs/swagger-ui-bundle.js 304","timestamp":"2026-03-20 12:53:01"}
{"level":"info","message":"GET /api-docs/swagger-ui-init.js 304","timestamp":"2026-03-20 12:53:01"}
{"level":"info","message":"GET /api-docs/swagger-ui-standalone-preset.js 304","timestamp":"2026-03-20 12:53:01"}
{"level":"info","message":"GET /api-docs/favicon-32x32.png 304","timestamp":"2026-03-20 12:53:01"}
{"level":"info","message":"GET /api-docs/ 304","timestamp":"2026-03-20 12:53:04"}
{"level":"info","message":"GET /api-docs/swagger-ui.css 304","timestamp":"2026-03-20 12:53:04"}
{"level":"info","message":"GET /api-docs/swagger-ui-bundle.js 304","timestamp":"2026-03-20 12:53:04"}
{"level":"info","message":"GET /api-docs/swagger-ui-init.js 200","timestamp":"2026-03-20 12:53:04"}
{"level":"info","message":"GET /api-docs/swagger-ui-standalone-preset.js 304","timestamp":"2026-03-20 12:53:04"}
{"level":"info","message":"GET /api-docs/favicon-32x32.png 304","timestamp":"2026-03-20 12:53:04"}
{"level":"info","message":"GET /api-docs/ 200","timestamp":"2026-03-20 12:55:28"}
{"level":"info","message":"GET /api-docs/swagger-ui.css 304","timestamp":"2026-03-20 12:55:28"}
{"level":"info","message":"GET /api-docs/swagger-ui-bundle.js 304","timestamp":"2026-03-20 12:55:28"}
{"level":"info","message":"GET /api-docs/swagger-ui-init.js 304","timestamp":"2026-03-20 12:55:28"}
{"level":"info","message":"GET /api-docs/swagger-ui-standalone-preset.js 304","timestamp":"2026-03-20 12:55:28"}
{"level":"info","message":"GET /api-docs/favicon-32x32.png 304","timestamp":"2026-03-20 12:55:28"}
{"level":"info","message":"GET /api-docs/ 200","timestamp":"2026-03-20 12:55:30"}
{"level":"info","message":"GET /api-docs/swagger-ui.css 304","timestamp":"2026-03-20 12:55:30"}
{"level":"info","message":"GET /api-docs/swagger-ui-bundle.js 304","timestamp":"2026-03-20 12:55:30"}
{"level":"info","message":"GET /api-docs/swagger-ui-standalone-preset.js 304","timestamp":"2026-03-20 12:55:30"}
{"level":"info","message":"GET /api-docs/swagger-ui-init.js 304","timestamp":"2026-03-20 12:55:30"}
{"level":"info","message":"GET /api-docs/favicon-32x32.png 304","timestamp":"2026-03-20 12:55:31"}
{"level":"info","message":"GET /api-docs/ 200","timestamp":"2026-03-20 12:55:37"}
{"level":"info","message":"GET /api-docs/swagger-ui.css 304","timestamp":"2026-03-20 12:55:37"}
{"level":"info","message":"GET /api-docs/swagger-ui-bundle.js 304","timestamp":"2026-03-20 12:55:37"}
{"level":"info","message":"GET /api-docs/swagger-ui-init.js 304","timestamp":"2026-03-20 12:55:37"}
{"level":"info","message":"GET /api-docs/swagger-ui-standalone-preset.js 304","timestamp":"2026-03-20 12:55:37"}
{"level":"info","message":"GET /api-docs/favicon-32x32.png 304","timestamp":"2026-03-20 12:55:37"}
{"level":"info","message":"GET /api-docs/ 200","timestamp":"2026-03-20 12:55:40"}
{"level":"info","message":"GET /api-docs/swagger-ui.css 304","timestamp":"2026-03-20 12:55:40"}
{"level":"info","message":"GET /api-docs/swagger-ui-bundle.js 304","timestamp":"2026-03-20 12:55:40"}
{"level":"info","message":"GET /api-docs/swagger-ui-standalone-preset.js 304","timestamp":"2026-03-20 12:55:40"}
{"level":"info","message":"GET /api-docs/swagger-ui-init.js 304","timestamp":"2026-03-20 12:55:40"}
{"level":"info","message":"GET /api-docs/favicon-32x32.png 304","timestamp":"2026-03-20 12:55:40"}
{"level":"info","message":"GET /api-docs/ 304","timestamp":"2026-03-20 12:55:43"}
{"level":"info","message":"GET /api-docs/swagger-ui-init.js 304","timestamp":"2026-03-20 12:55:43"}
{"level":"info","message":"GET /api-docs/swagger-ui.css 304","timestamp":"2026-03-20 12:55:43"}
{"level":"info","message":"GET /api-docs/swagger-ui-bundle.js 304","timestamp":"2026-03-20 12:55:43"}
{"level":"info","message":"GET /api-docs/swagger-ui-standalone-preset.js 304","timestamp":"2026-03-20 12:55:43"}
{"level":"info","message":"GET /api-docs/favicon-32x32.png 304","timestamp":"2026-03-20 12:55:43"}
{"level":"info","message":"GET /api-docs/ 304","timestamp":"2026-03-20 12:58:07"}
{"level":"info","message":"GET /api-docs/swagger-ui-bundle.js 304","timestamp":"2026-03-20 12:58:07"}
{"level":"info","message":"GET /api-docs/swagger-ui-standalone-preset.js 304","timestamp":"2026-03-20 12:58:07"}
{"level":"info","message":"GET /api-docs/swagger-ui.css 304","timestamp":"2026-03-20 12:58:07"}
{"level":"info","message":"GET /api-docs/swagger-ui-init.js 304","timestamp":"2026-03-20 12:58:07"}
{"level":"info","message":"GET /api-docs/favicon-32x32.png 304","timestamp":"2026-03-20 12:58:07"}
{"level":"info","message":"GET /api-docs/ 304","timestamp":"2026-03-20 12:58:09"}
{"level":"info","message":"GET /api-docs/swagger-ui-init.js 304","timestamp":"2026-03-20 12:58:09"}
{"level":"info","message":"GET /api-docs/swagger-ui.css 304","timestamp":"2026-03-20 12:58:09"}
{"level":"info","message":"GET /api-docs/swagger-ui-bundle.js 304","timestamp":"2026-03-20 12:58:09"}
{"level":"info","message":"GET /api-docs/swagger-ui-standalone-preset.js 304","timestamp":"2026-03-20 12:58:09"}
{"level":"info","message":"GET /api-docs/favicon-32x32.png 304","timestamp":"2026-03-20 12:58:09"}
{"level":"info","message":"GET /api-docs/ 304","timestamp":"2026-03-20 12:58:09"}
{"level":"info","message":"GET /api-docs/swagger-ui-init.js 304","timestamp":"2026-03-20 12:58:09"}
{"level":"info","message":"GET /api-docs/swagger-ui.css 304","timestamp":"2026-03-20 12:58:09"}
{"level":"info","message":"GET /api-docs/swagger-ui-bundle.js 304","timestamp":"2026-03-20 12:58:09"}
{"level":"info","message":"GET /api-docs/swagger-ui-standalone-preset.js 304","timestamp":"2026-03-20 12:58:09"}
{"level":"info","message":"GET /api-docs/favicon-32x32.png 304","timestamp":"2026-03-20 12:58:09"}
{"level":"info","message":"GET /api-docs/ 304","timestamp":"2026-03-20 12:58:09"}
{"level":"info","message":"GET /api-docs/swagger-ui-init.js 304","timestamp":"2026-03-20 12:58:09"}
{"level":"info","message":"GET /api-docs/swagger-ui.css 304","timestamp":"2026-03-20 12:58:09"}
{"level":"info","message":"GET /api-docs/swagger-ui-bundle.js 304","timestamp":"2026-03-20 12:58:09"}
{"level":"info","message":"GET /api-docs/swagger-ui-standalone-preset.js 304","timestamp":"2026-03-20 12:58:09"}
{"level":"info","message":"GET /api-docs/favicon-32x32.png 304","timestamp":"2026-03-20 12:58:09"}
{"level":"info","message":"GET /api-docs/ 304","timestamp":"2026-03-20 12:58:09"}
{"level":"info","message":"GET /api-docs/swagger-ui-init.js 304","timestamp":"2026-03-20 12:58:09"}
{"level":"info","message":"GET /api-docs/swagger-ui.css 304","timestamp":"2026-03-20 12:58:09"}
{"level":"info","message":"GET /api-docs/swagger-ui-bundle.js 304","timestamp":"2026-03-20 12:58:09"}
{"level":"info","message":"GET /api-docs/swagger-ui-standalone-preset.js 304","timestamp":"2026-03-20 12:58:09"}
{"level":"info","message":"GET /api-docs/favicon-32x32.png 304","timestamp":"2026-03-20 12:58:09"}
{"level":"info","message":"GET /api-docs/ 304","timestamp":"2026-03-20 12:58:11"}
{"level":"info","message":"GET /api-docs/swagger-ui.css 304","timestamp":"2026-03-20 12:58:11"}
{"level":"info","message":"GET /api-docs/swagger-ui-bundle.js 304","timestamp":"2026-03-20 12:58:11"}
{"level":"info","message":"GET /api-docs/swagger-ui-init.js 304","timestamp":"2026-03-20 12:58:11"}
{"level":"info","message":"GET /api-docs/swagger-ui-standalone-preset.js 304","timestamp":"2026-03-20 12:58:11"}
{"level":"info","message":"GET /api-docs/favicon-32x32.png 304","timestamp":"2026-03-20 12:58:12"}
{"level":"info","message":"POST /users/login 200","timestamp":"2026-03-20 12:58:21"}
{"level":"info","message":"POST /users/login 200","timestamp":"2026-03-20 12:58:28"}
{"level":"info","message":"POST /users/login 200","timestamp":"2026-03-20 12:58:32"}
{"level":"info","message":"POST /users/login 200","timestamp":"2026-03-20 12:59:57"}
{"level":"info","message":"GET /api-docs/ 304","timestamp":"2026-03-20 13:02:20"}
{"level":"info","message":"GET /api-docs/swagger-ui-bundle.js 304","timestamp":"2026-03-20 13:02:20"}
{"level":"info","message":"GET /api-docs/swagger-ui-standalone-preset.js 304","timestamp":"2026-03-20 13:02:20"}
{"level":"info","message":"GET /api-docs/swagger-ui-init.js 304","timestamp":"2026-03-20 13:02:20"}
{"level":"info","message":"GET /api-docs/swagger-ui.css 304","timestamp":"2026-03-20 13:02:20"}
{"level":"info","message":"GET /api-docs/favicon-32x32.png 304","timestamp":"2026-03-20 13:02:20"}
{"level":"info","message":"POST /users/login 200","timestamp":"2026-03-20 13:02:32"}
{"level":"info","message":"POST /users/login 200","timestamp":"2026-03-20 13:04:03"}
{"level":"info","message":"POST /users/login 200","timestamp":"2026-03-20 13:05:33"}
{"level":"info","message":"POST /users/login 200","timestamp":"2026-03-20 13:05:34"}
{"level":"info","message":"POST /users/login 200","timestamp":"2026-03-20 13:05:34"}
{"level":"info","message":"POST /users/login 200","timestamp":"2026-03-20 13:05:38"}
{"level":"info","message":"POST /users/login 200","timestamp":"2026-03-20 13:05:38"}
{"level":"info","message":"POST /users/login 200","timestamp":"2026-03-20 13:05:39"}
{"level":"info","message":"POST /users/login 200","timestamp":"2026-03-20 13:05:39"}
{"level":"info","message":"POST /users/login 200","timestamp":"2026-03-20 13:05:39"}
{"level":"info","message":"GET /api-docs/ 304","timestamp":"2026-03-20 14:32:32"}
{"level":"info","message":"GET /api-docs/swagger-ui.css 304","timestamp":"2026-03-20 14:32:32"}
{"level":"info","message":"GET /api-docs/swagger-ui-bundle.js 304","timestamp":"2026-03-20 14:32:32"}
{"level":"info","message":"GET /api-docs/swagger-ui-standalone-preset.js 304","timestamp":"2026-03-20 14:32:32"}
{"level":"info","message":"GET /api-docs/swagger-ui-init.js 304","timestamp":"2026-03-20 14:32:32"}
{"level":"info","message":"GET /api-docs/favicon-32x32.png 304","timestamp":"2026-03-20 14:32:32"}
{"level":"info","message":"GET /api-docs/ 304","timestamp":"2026-03-20 14:33:14"}
{"level":"info","message":"GET /api-docs/swagger-ui-bundle.js 304","timestamp":"2026-03-20 14:33:14"}
{"level":"info","message":"GET /api-docs/swagger-ui.css 304","timestamp":"2026-03-20 14:33:14"}
{"level":"info","message":"GET /api-docs/swagger-ui-standalone-preset.js 304","timestamp":"2026-03-20 14:33:14"}
{"level":"info","message":"GET /api-docs/swagger-ui-init.js 304","timestamp":"2026-03-20 14:33:14"}
{"level":"info","message":"GET /api-docs/favicon-32x32.png 304","timestamp":"2026-03-20 14:33:14"}
{"level":"info","message":"GET /api-docs/users 200","timestamp":"2026-03-20 14:33:22"}
{"level":"info","message":"GET /api-docs/user 200","timestamp":"2026-03-20 14:33:27"}
{"level":"info","message":"GET /api-docs/user 304","timestamp":"2026-03-20 14:33:27"}
{"level":"info","message":"GET /api-docs/ 304","timestamp":"2026-03-20 14:33:31"}
{"level":"info","message":"GET /api-docs/ 304","timestamp":"2026-03-20 14:33:36"}
{"level":"info","message":"GET /api-docs/swagger-ui-init.js 304","timestamp":"2026-03-20 14:33:36"}
{"level":"info","message":"GET /api-docs/swagger-ui.css 304","timestamp":"2026-03-20 14:33:36"}
{"level":"info","message":"GET /api-docs/swagger-ui-bundle.js 304","timestamp":"2026-03-20 14:33:36"}
{"level":"info","message":"GET /api-docs/swagger-ui-standalone-preset.js 304","timestamp":"2026-03-20 14:33:36"}
{"level":"info","message":"GET /api-docs/favicon-32x32.png 304","timestamp":"2026-03-20 14:33:36"}
{"level":"error","message":"Your session has expired. Please log in again.","stack":"Error: Your session has expired. Please log in again.\n    at /Users/designingsolutions/Desktop/my-node-project/src/middlewares/authMiddleware.js:48:19\n    at /Users/designingsolutions/Desktop/my-node-project/src/middlewares/asyncHandler.js:3:21\n    at Layer.handleRequest (/Users/designingsolutions/Desktop/my-node-project/node_modules/router/lib/layer.js:152:17)\n    at next (/Users/designingsolutions/Desktop/my-node-project/node_modules/router/lib/route.js:157:13)\n    at Route.dispatch (/Users/designingsolutions/Desktop/my-node-project/node_modules/router/lib/route.js:117:3)\n    at handle (/Users/designingsolutions/Desktop/my-node-project/node_modules/router/index.js:435:11)\n    at Layer.handleRequest (/Users/designingsolutions/Desktop/my-node-project/node_modules/router/lib/layer.js:152:17)\n    at /Users/designingsolutions/Desktop/my-node-project/node_modules/router/index.js:295:15\n    at processParams (/Users/designingsolutions/Desktop/my-node-project/node_modules/router/index.js:582:12)\n    at next (/Users/designingsolutions/Desktop/my-node-project/node_modules/router/index.js:291:5)","statusCode":401,"timestamp":"2026-03-20 14:55:25"}
{"level":"info","message":"GET /users/userlisting 401","timestamp":"2026-03-20 14:55:25"}
{"level":"info","message":"GET /api-docs/ 304","timestamp":"2026-03-20 15:10:16"}
{"level":"info","message":"GET /api-docs/swagger-ui-init.js 200","timestamp":"2026-03-20 15:10:16"}
{"level":"info","message":"GET /api-docs/swagger-ui-bundle.js 304","timestamp":"2026-03-20 15:10:16"}
{"level":"info","message":"GET /api-docs/swagger-ui-standalone-preset.js 304","timestamp":"2026-03-20 15:10:16"}
{"level":"info","message":"GET /api-docs/swagger-ui.css 304","timestamp":"2026-03-20 15:10:16"}
{"level":"info","message":"GET /api-docs/favicon-32x32.png 304","timestamp":"2026-03-20 15:10:16"}
{"level":"info","message":"POST /users/login 200","timestamp":"2026-03-20 15:10:26"}
{"level":"info","message":"GET /api-docs/ 304","timestamp":"2026-03-20 15:10:36"}
{"level":"info","message":"GET /api-docs/swagger-ui.css 304","timestamp":"2026-03-20 15:10:36"}
{"level":"info","message":"GET /api-docs/swagger-ui-standalone-preset.js 304","timestamp":"2026-03-20 15:10:36"}
{"level":"info","message":"GET /api-docs/swagger-ui-init.js 200","timestamp":"2026-03-20 15:10:36"}
{"level":"info","message":"GET /api-docs/swagger-ui-bundle.js 304","timestamp":"2026-03-20 15:10:36"}
{"level":"info","message":"GET /api-docs/favicon-32x32.png 304","timestamp":"2026-03-20 15:10:36"}
{"level":"error","message":"Your session has expired. Please log in again.","stack":"Error: Your session has expired. Please log in again.\n    at /Users/designingsolutions/Desktop/my-node-project/src/middlewares/authMiddleware.js:48:19\n    at /Users/designingsolutions/Desktop/my-node-project/src/middlewares/asyncHandler.js:3:21\n    at Layer.handleRequest (/Users/designingsolutions/Desktop/my-node-project/node_modules/router/lib/layer.js:152:17)\n    at next (/Users/designingsolutions/Desktop/my-node-project/node_modules/router/lib/route.js:157:13)\n    at Route.dispatch (/Users/designingsolutions/Desktop/my-node-project/node_modules/router/lib/route.js:117:3)\n    at handle (/Users/designingsolutions/Desktop/my-node-project/node_modules/router/index.js:435:11)\n    at Layer.handleRequest (/Users/designingsolutions/Desktop/my-node-project/node_modules/router/lib/layer.js:152:17)\n    at /Users/designingsolutions/Desktop/my-node-project/node_modules/router/index.js:295:15\n    at processParams (/Users/designingsolutions/Desktop/my-node-project/node_modules/router/index.js:582:12)\n    at next (/Users/designingsolutions/Desktop/my-node-project/node_modules/router/index.js:291:5)","statusCode":401,"timestamp":"2026-03-20 15:16:30"}
{"level":"info","message":"GET /users/userlisting 401","timestamp":"2026-03-20 15:16:30"}
{"level":"info","message":"POST /users/login 200","timestamp":"2026-03-20 15:18:41"}
{"level":"error","message":"Your session has expired. Please log in again.","stack":"Error: Your session has expired. Please log in again.\n    at /Users/designingsolutions/Desktop/my-node-project/src/middlewares/authMiddleware.js:48:19\n    at /Users/designingsolutions/Desktop/my-node-project/src/middlewares/asyncHandler.js:3:21\n    at Layer.handleRequest (/Users/designingsolutions/Desktop/my-node-project/node_modules/router/lib/layer.js:152:17)\n    at next (/Users/designingsolutions/Desktop/my-node-project/node_modules/router/lib/route.js:157:13)\n    at Route.dispatch (/Users/designingsolutions/Desktop/my-node-project/node_modules/router/lib/route.js:117:3)\n    at handle (/Users/designingsolutions/Desktop/my-node-project/node_modules/router/index.js:435:11)\n    at Layer.handleRequest (/Users/designingsolutions/Desktop/my-node-project/node_modules/router/lib/layer.js:152:17)\n    at /Users/designingsolutions/Desktop/my-node-project/node_modules/router/index.js:295:15\n    at processParams (/Users/designingsolutions/Desktop/my-node-project/node_modules/router/index.js:582:12)\n    at next (/Users/designingsolutions/Desktop/my-node-project/node_modules/router/index.js:291:5)","statusCode":401,"timestamp":"2026-03-20 15:18:47"}
{"level":"info","message":"GET /users/userlisting 401","timestamp":"2026-03-20 15:18:47"}
{"level":"info","message":"GET /api-docs/ 304","timestamp":"2026-03-20 15:44:01"}
{"level":"info","message":"GET /api-docs/swagger-ui-bundle.js 304","timestamp":"2026-03-20 15:44:01"}
{"level":"info","message":"GET /api-docs/swagger-ui.css 304","timestamp":"2026-03-20 15:44:01"}
{"level":"info","message":"GET /api-docs/swagger-ui-standalone-preset.js 304","timestamp":"2026-03-20 15:44:01"}
{"level":"info","message":"GET /api-docs/swagger-ui-init.js 304","timestamp":"2026-03-20 15:44:01"}
{"level":"info","message":"GET /api-docs/favicon-32x32.png 304","timestamp":"2026-03-20 15:44:01"}
{"level":"info","message":"GET /api-docs/ 304","timestamp":"2026-03-20 15:51:07"}
{"level":"info","message":"GET /api-docs/swagger-ui-init.js 304","timestamp":"2026-03-20 15:51:07"}
{"level":"info","message":"GET /api-docs/swagger-ui-bundle.js 304","timestamp":"2026-03-20 15:51:07"}
{"level":"info","message":"GET /api-docs/swagger-ui.css 304","timestamp":"2026-03-20 15:51:07"}
{"level":"info","message":"GET /api-docs/swagger-ui-standalone-preset.js 304","timestamp":"2026-03-20 15:51:07"}
{"level":"info","message":"GET /api-docs/favicon-32x32.png 304","timestamp":"2026-03-20 15:51:07"}
{"level":"info","message":"GET /api-docs/ 304","timestamp":"2026-03-20 15:51:09"}
{"level":"info","message":"GET /api-docs/swagger-ui-standalone-preset.js 304","timestamp":"2026-03-20 15:51:09"}
{"level":"info","message":"GET /api-docs/swagger-ui.css 304","timestamp":"2026-03-20 15:51:09"}
{"level":"info","message":"GET /api-docs/swagger-ui-bundle.js 304","timestamp":"2026-03-20 15:51:09"}
{"level":"info","message":"GET /api-docs/swagger-ui-init.js 304","timestamp":"2026-03-20 15:51:09"}
{"level":"info","message":"GET /api-docs/favicon-32x32.png 304","timestamp":"2026-03-20 15:51:09"}
{"level":"info","message":"GET /api-docs/ 304","timestamp":"2026-03-20 16:01:15"}
{"level":"info","message":"GET /api-docs/swagger-ui.css 304","timestamp":"2026-03-20 16:01:15"}
{"level":"info","message":"GET /api-docs/swagger-ui-bundle.js 304","timestamp":"2026-03-20 16:01:15"}
{"level":"info","message":"GET /api-docs/swagger-ui-standalone-preset.js 304","timestamp":"2026-03-20 16:01:15"}
{"level":"info","message":"GET /api-docs/swagger-ui-init.js 304","timestamp":"2026-03-20 16:01:15"}
{"level":"info","message":"GET /api-docs/favicon-32x32.png 304","timestamp":"2026-03-20 16:01:16"}
{"level":"info","message":"GET /api-docs/ 304","timestamp":"2026-03-20 16:01:16"}
{"level":"info","message":"GET /api-docs/swagger-ui-init.js 304","timestamp":"2026-03-20 16:01:16"}
{"level":"info","message":"GET /api-docs/swagger-ui.css 304","timestamp":"2026-03-20 16:01:16"}
{"level":"info","message":"GET /api-docs/swagger-ui-bundle.js 304","timestamp":"2026-03-20 16:01:16"}
{"level":"info","message":"GET /api-docs/swagger-ui-standalone-preset.js 304","timestamp":"2026-03-20 16:01:16"}
{"level":"info","message":"GET /api-docs/favicon-32x32.png 304","timestamp":"2026-03-20 16:01:16"}
{"level":"info","message":"GET /api-docs/ 304","timestamp":"2026-03-20 16:01:19"}
{"level":"info","message":"GET /api-docs/swagger-ui.css 304","timestamp":"2026-03-20 16:01:19"}
{"level":"info","message":"GET /api-docs/swagger-ui-bundle.js 304","timestamp":"2026-03-20 16:01:19"}
{"level":"info","message":"GET /api-docs/swagger-ui-standalone-preset.js 304","timestamp":"2026-03-20 16:01:19"}
{"level":"info","message":"GET /api-docs/swagger-ui-init.js 304","timestamp":"2026-03-20 16:01:19"}
{"level":"info","message":"GET /api-docs/favicon-32x32.png 304","timestamp":"2026-03-20 16:01:19"}
{"level":"info","message":"GET /api-docs/ 304","timestamp":"2026-03-20 16:04:18"}
{"level":"info","message":"GET /api-docs/swagger-ui.css 304","timestamp":"2026-03-20 16:04:18"}
{"level":"info","message":"GET /api-docs/swagger-ui-bundle.js 304","timestamp":"2026-03-20 16:04:18"}
{"level":"info","message":"GET /api-docs/swagger-ui-standalone-preset.js 304","timestamp":"2026-03-20 16:04:18"}
{"level":"info","message":"GET /api-docs/swagger-ui-init.js 304","timestamp":"2026-03-20 16:04:18"}
{"level":"info","message":"GET /api-docs/favicon-32x32.png 304","timestamp":"2026-03-20 16:04:18"}
{"level":"info","message":"GET /api-docs/ 304","timestamp":"2026-03-20 16:04:21"}
{"level":"info","message":"GET /api-docs/swagger-ui-init.js 304","timestamp":"2026-03-20 16:04:21"}
{"level":"info","message":"GET /api-docs/swagger-ui.css 304","timestamp":"2026-03-20 16:04:21"}
{"level":"info","message":"GET /api-docs/swagger-ui-bundle.js 304","timestamp":"2026-03-20 16:04:21"}
{"level":"info","message":"GET /api-docs/swagger-ui-standalone-preset.js 304","timestamp":"2026-03-20 16:04:21"}
{"level":"info","message":"GET /api-docs/favicon-32x32.png 304","timestamp":"2026-03-20 16:04:21"}
{"level":"info","message":"GET /health 304","timestamp":"2026-03-20 16:04:37"}
